nohup: ignoring input

> backend@1.0.0 start
> node server.js

[dotenv@17.2.2] injecting env (3) from .env -- tip: ⚙️  enable debug logging with { debug: true }
🚀 Iniciando servidor Tritotem...
node:events:502
      throw er; // Unhandled 'error' event
      ^

Error: listen EADDRError: Not allowed by CORS
    at origin (/home/ubuntu/tritotem-refined/backend/server.js:26:16)
    at /home/ubuntu/tritotem-refined/backend/node_modules/cors/lib/index.js:219:13
    at optionsCallback (/home/ubuntu/tritotem-refined/backend/node_modules/cors/lib/index.js:199:9)
    at corsMiddleware (/home/ubuntu/tritotem-refined/backend/node_modules/cors/lib/index.js:204:7)
    at Layer.handle [as handle_request] (/home/ubuntu/tritotem-refined/backend/node_modules/express/lib/router/layer.js:95:5)
    at trim_prefix (/home/ubuntu/tritotem-refined/backend/node_modules/express/lib/router/index.js:328:13)
    at /home/ubuntu/tritotem-refined/backend/node_modules/express/lib/router/index.js:286:9
    at Function.process_params (/home/ubuntu/tritotem-refined/backend/node_modules/express/lib/router/index.js:346:12)
    at next (/home/ubuntu/tritotem-refined/backend/node_modules/express/lib/router/index.js:280:10)
    at expressInit (/home/ubuntu/tritotem-refined/backend/node_modules/express/lib/middleware/init.js:40:5)
Error: Not allowed by CORS
    at origin (/home/ubuntu/tritotem-refined/backend/server.js:26:16)
    at /home/ubuntu/tritotem-refined/backend/node_modules/cors/lib/index.js:219:13
    at optionsCallback (/home/ubuntu/tritotem-refined/backend/node_modules/cors/lib/index.js:199:9)
    at corsMiddleware (/home/ubuntu/tritotem-refined/backend/node_modules/cors/lib/index.js:204:7)
    at Layer.handle [as handle_request] (/home/ubuntu/tritotem-refined/backend/node_modules/express/lib/router/layer.js:95:5)
    at trim_prefix (/home/ubuntu/tritotem-refined/backend/node_modules/express/lib/router/index.js:328:13)
    at /home/ubuntu/tritotem-refined/backend/node_modules/express/lib/router/index.js:286:9
    at Function.process_params (/home/ubuntu/tritotem-refined/backend/node_modules/express/lib/router/index.js:346:12)
    at next (/home/ubuntu/tritotem-refined/backend/node_modules/express/lib/router/index.js:280:10)
    at expressInit (/home/ubuntu/tritotem-refined/backend/node_modules/express/lib/middleware/init.js:40:5)
Error: Not allowed by CORS
    at origin (/home/ubuntu/tritotem-refined/backend/server.js:26:16)
    at /home/ubuntu/tritotem-refined/backend/node_modules/cors/lib/index.js:219:13
    at optionsCallback (/home/ubuntu/tritotem-refined/backend/node_modules/cors/lib/index.js:199:9)
    at corsMiddleware (/home/ubuntu/tritotem-refined/backend/node_modules/cors/lib/index.js:204:7)
    at Layer.handle [as handle_request] (/home/ubuntu/tritotem-refined/backend/node_modules/express/lib/router/layer.js:95:5)
    at trim_prefix (/home/ubuntu/tritotem-refined/backend/node_modules/express/lib/router/index.js:328:13)
    at /home/ubuntu/tritotem-refined/backend/node_modules/express/lib/router/index.js:286:9
    at Function.process_params (/home/ubuntu/tritotem-refined/backend/node_modules/express/lib/router/index.js:346:12)
    at next (/home/ubuntu/tritotem-refined/backend/node_modules/express/lib/router/index.js:280:10)
    at expressInit (/home/ubuntu/tritotem-refined/backend/node_modules/express/lib/middleware/init.js:40:5)
Error: Not allowed by CORS
    at origin (/home/ubuntu/tritotem-refined/backend/server.js:26:16)
    at /home/ubuntu/tritotem-refined/backend/node_modules/cors/lib/index.js:219:13
    at optionsCallback (/home/ubuntu/tritotem-refined/backend/node_modules/cors/lib/index.js:199:9)
    at corsMiddleware (/home/ubuntu/tritotem-refined/backend/node_modules/cors/lib/index.js:204:7)
    at Layer.handle [as handle_request] (/home/ubuntu/tritotem-refined/backend/node_modules/express/lib/router/layer.js:95:5)
    at trim_prefix (/home/ubuntu/tritotem-refined/backend/node_modules/express/lib/router/index.js:328:13)
    at /home/ubuntu/tritotem-refined/backend/node_modules/express/lib/router/index.js:286:9
    at Function.process_params (/home/ubuntu/tritotem-refined/backend/node_modules/express/lib/router/index.js:346:12)
    at next (/home/ubuntu/tritotem-refined/backend/node_modules/express/lib/router/index.js:280:10)
    at expressInit (/home/ubuntu/tritotem-refined/backend/node_modules/express/lib/middleware/init.js:40:5)
Error: Not allowed by CORS
    at origin (/home/ubuntu/tritotem-refined/backend/server.js:26:16)
    at /home/ubuntu/tritotem-refined/backend/node_modules/cors/lib/index.js:219:13
    at optionsCallback (/home/ubuntu/tritotem-refined/backend/node_modules/cors/lib/index.js:199:9)
    at corsMiddleware (/home/ubuntu/tritotem-refined/backend/node_modules/cors/lib/index.js:204:7)
    at Layer.handle [as handle_request] (/home/ubuntu/tritotem-refined/backend/node_modules/express/lib/router/layer.js:95:5)
    at trim_prefix (/home/ubuntu/tritotem-refined/backend/node_modules/express/lib/router/index.js:328:13)
    at /home/ubuntu/tritotem-refined/backend/node_modules/express/lib/router/index.js:286:9
    at Function.process_params (/home/ubuntu/tritotem-refined/backend/node_modules/express/lib/router/index.js:346:12)
    at next (/home/ubuntu/tritotem-refined/backend/node_modules/express/lib/router/index.js:280:10)
    at expressInit (/home/ubuntu/tritotem-refined/backend/node_modules/express/lib/middleware/init.js:40:5)
Error: Not allowed by CORS
    at origin (/home/ubuntu/tritotem-refined/backend/server.js:26:16)
    at /home/ubuntu/tritotem-refined/backend/node_modules/cors/lib/index.js:219:13
    at optionsCallback (/home/ubuntu/tritotem-refined/backend/node_modules/cors/lib/index.js:199:9)
    at corsMiddleware (/home/ubuntu/tritotem-refined/backend/node_modules/cors/lib/index.js:204:7)
    at Layer.handle [as handle_request] (/home/ubuntu/tritotem-refined/backend/node_modules/express/lib/router/layer.js:95:5)
    at trim_prefix (/home/ubuntu/tritotem-refined/backend/node_modules/express/lib/router/index.js:328:13)
    at /home/ubuntu/tritotem-refined/backend/node_modules/express/lib/router/index.js:286:9
    at Function.process_params (/home/ubuntu/tritotem-refined/backend/node_modules/express/lib/router/index.js:346:12)
    at next (/home/ubuntu/tritotem-refined/backend/node_modules/express/lib/router/index.js:280:10)
    at expressInit (/home/ubuntu/tritotem-refined/backend/node_modules/express/lib/middleware/init.js:40:5)
Error: Not allowed by CORS
    at origin (/home/ubuntu/tritotem-refined/backend/server.js:26:16)
    at /home/ubuntu/tritotem-refined/backend/node_modules/cors/lib/index.js:219:13
    at optionsCallback (/home/ubuntu/tritotem-refined/backend/node_modules/cors/lib/index.js:199:9)
    at corsMiddleware (/home/ubuntu/tritotem-refined/backend/node_modules/cors/lib/index.js:204:7)
    at Layer.handle [as handle_request] (/home/ubuntu/tritotem-refined/backend/node_modules/express/lib/router/layer.js:95:5)
    at trim_prefix (/home/ubuntu/tritotem-refined/backend/node_modules/express/lib/router/index.js:328:13)
    at /home/ubuntu/tritotem-refined/backend/node_modules/express/lib/router/index.js:286:9
    at Function.process_params (/home/ubuntu/tritotem-refined/backend/node_modules/express/lib/router/index.js:346:12)
    at next (/home/ubuntu/tritotem-refined/backend/node_modules/express/lib/router/index.js:280:10)
    at expressInit (/home/ubuntu/tritotem-refined/backend/node_modules/express/lib/middleware/init.js:40:5)
Error: Not allowed by CORS
    at origin (/home/ubuntu/tritotem-refined/backend/server.js:26:16)
    at /home/ubuntu/tritotem-refined/backend/node_modules/cors/lib/index.js:219:13
    at optionsCallback (/home/ubuntu/tritotem-refined/backend/node_modules/cors/lib/index.js:199:9)
    at corsMiddleware (/home/ubuntu/tritotem-refined/backend/node_modules/cors/lib/index.js:204:7)
    at Layer.handle [as handle_request] (/home/ubuntu/tritotem-refined/backend/node_modules/express/lib/router/layer.js:95:5)
    at trim_prefix (/home/ubuntu/tritotem-refined/backend/node_modules/express/lib/router/index.js:328:13)
    at /home/ubuntu/tritotem-refined/backend/node_modules/express/lib/router/index.js:286:9
    at Function.process_params (/home/ubuntu/tritotem-refined/backend/node_modules/express/lib/router/index.js:346:12)
    at next (/home/ubuntu/tritotem-refined/backend/node_modules/express/lib/router/index.js:280:10)
    at expressInit (/home/ubuntu/tritotem-refined/backend/node_modules/express/lib/middleware/init.js:40:5)
Error: Not allowed by CORS
    at origin (/home/ubuntu/tritotem-refined/backend/server.js:26:16)
    at /home/ubuntu/tritotem-refined/backend/node_modules/cors/lib/index.js:219:13
    at optionsCallback (/home/ubuntu/tritotem-refined/backend/node_modules/cors/lib/index.js:199:9)
    at corsMiddleware (/home/ubuntu/tritotem-refined/backend/node_modules/cors/lib/index.js:204:7)
    at Layer.handle [as handle_request] (/home/ubuntu/tritotem-refined/backend/node_modules/express/lib/router/layer.js:95:5)
    at trim_prefix (/home/ubuntu/tritotem-refined/backend/node_modules/express/lib/router/index.js:328:13)
    at /home/ubuntu/tritotem-refined/backend/node_modules/express/lib/router/index.js:286:9
    at Function.process_params (/home/ubuntu/tritotem-refined/backend/node_modules/express/lib/router/index.js:346:12)
    at next (/home/ubuntu/tritotem-refined/backend/node_modules/express/lib/router/index.js:280:10)
    at expressInit (/home/ubuntu/tritotem-refined/backend/node_modules/express/lib/middleware/init.js:40:5)
Error: Not allowed by CORS
    at origin (/home/ubuntu/tritotem-refined/backend/server.js:26:16)
    at /home/ubuntu/tritotem-refined/backend/node_modules/cors/lib/index.js:219:13
    at optionsCallback (/home/ubuntu/tritotem-refined/backend/node_modules/cors/lib/index.js:199:9)
    at corsMiddleware (/home/ubuntu/tritotem-refined/backend/node_modules/cors/lib/index.js:204:7)
    at Layer.handle [as handle_request] (/home/ubuntu/tritotem-refined/backend/node_modules/express/lib/router/layer.js:95:5)
    at trim_prefix (/home/ubuntu/tritotem-refined/backend/node_modules/express/lib/router/index.js:328:13)
    at /home/ubuntu/tritotem-refined/backend/node_modules/express/lib/router/index.js:286:9
    at Function.process_params (/home/ubuntu/tritotem-refined/backend/node_modules/express/lib/router/index.js:346:12)
    at next (/home/ubuntu/tritotem-refined/backend/node_modules/express/lib/router/index.js:280:10)
    at expressInit (/home/ubuntu/tritotem-refined/backend/node_modules/express/lib/middleware/init.js:40:5)
Error: Not allowed by CORS
    at origin (/home/ubuntu/tritotem-refined/backend/server.js:26:16)
    at /home/ubuntu/tritotem-refined/backend/node_modules/cors/lib/index.js:219:13
    at optionsCallback (/home/ubuntu/tritotem-refined/backend/node_modules/cors/lib/index.js:199:9)
    at corsMiddleware (/home/ubuntu/tritotem-refined/backend/node_modules/cors/lib/index.js:204:7)
    at Layer.handle [as handle_request] (/home/ubuntu/tritotem-refined/backend/node_modules/express/lib/router/layer.js:95:5)
    at trim_prefix (/home/ubuntu/tritotem-refined/backend/node_modules/express/lib/router/index.js:328:13)
    at /home/ubuntu/tritotem-refined/backend/node_modules/express/lib/router/index.js:286:9
    at Function.process_params (/home/ubuntu/tritotem-refined/backend/node_modules/express/lib/router/index.js:346:12)
    at next (/home/ubuntu/tritotem-refined/backend/node_modules/express/lib/router/index.js:280:10)
    at expressInit (/home/ubuntu/tritotem-refined/backend/node_modules/express/lib/middleware/init.js:40:5)
Terminated
